class01/report01/app/build/intermediates/manifest_merge_blame_file/debug/manifest-merger-blame-debug-report.txt
1<?xml version="1.0" encoding="utf-8"?>
2<manifest xmlns:android="http://schemas.android.com/apk/res/android"
3    package="mobile.database.dbtest03"
4    android:versionCode="1"
5    android:versionName="1.0" >
6
7    <uses-sdk
8        android:minSdkVersion="16"
8-->src\main\AndroidManifest.xml
9        android:targetSdkVersion="29" />
9-->src\main\AndroidManifest.xml
10
11    <uses-permission android:name="android.permission.ACCESS_NETWORK_STATE" />
11-->src\main\AndroidManifest.xml:5:5-79
11-->src\main\AndroidManifest.xml:5:22-76
12    <uses-permission android:name="android.permission.INTERNET" />
12-->src\main\AndroidManifest.xml:6:5-66
12-->src\main\AndroidManifest.xml:6:22-64
13    <uses-permission android:name="android.permission.READ_EXTERNAL_STORAGE" />
13-->src\main\AndroidManifest.xml:8:5-79
13-->src\main\AndroidManifest.xml:8:22-77
14    <uses-permission android:name="android.permission.WRITE_EXTERNAL_STORAGE" />
14-->src\main\AndroidManifest.xml:9:5-80
14-->src\main\AndroidManifest.xml:9:22-78
15
16    <application
16-->src\main\AndroidManifest.xml:11:5-40:19
17        android:allowBackup="true"
17-->src\main\AndroidManifest.xml:12:9-35
18        android:appComponentFactory="androidx.core.app.CoreComponentFactory"
18-->[androidx.core:core:1.3.0] AndroidManifest.xml:24:18-86
19        android:debuggable="true"
20        android:icon="@drawable/ic_launcher"
20-->src\main\AndroidManifest.xml:13:9-45
21        android:label="@string/app_name"
21-->src\main\AndroidManifest.xml:14:9-41
22        android:testOnly="true"
23        android:theme="@style/AppTheme" >
23-->src\main\AndroidManifest.xml:15:9-40
24        <activity android:name="ddwucom.mobile.finalproject.UpdateActivity" />
24-->src\main\AndroidManifest.xml:17:9-88
24-->src\main\AndroidManifest.xml:17:19-76
25        <activity
25-->src\main\AndroidManifest.xml:19:9-27:20
26            android:name="ddwucom.mobile.finalproject.MainActivity"
26-->src\main\AndroidManifest.xml:20:13-68
27            android:label="@string/app_name" >
27-->src\main\AndroidManifest.xml:21:13-45
28            <intent-filter>
28-->src\main\AndroidManifest.xml:22:13-26:29
29                <action android:name="android.intent.action.MAIN" />
29-->src\main\AndroidManifest.xml:23:17-69
29-->src\main\AndroidManifest.xml:23:25-66
30
31                <category android:name="android.intent.category.LAUNCHER" />
31-->src\main\AndroidManifest.xml:25:17-77
31-->src\main\AndroidManifest.xml:25:27-74
32            </intent-filter>
33        </activity>
34        <activity
34-->src\main\AndroidManifest.xml:28:9-30:77
35            android:name="ddwucom.mobile.finalproject.AddReviewActivity"
35-->src\main\AndroidManifest.xml:29:13-73
36            android:label="@string/title_activity_insert_review" />
36-->src\main\AndroidManifest.xml:30:13-65
37        <activity
37-->src\main\AndroidManifest.xml:31:9-33:75
38            android:name="ddwucom.mobile.finalproject.AllReviewsActivity"
38-->src\main\AndroidManifest.xml:32:13-74
39            android:label="@string/title_activity_all_reviews" />
39-->src\main\AndroidManifest.xml:33:13-63
40        <activity
40-->src\main\AndroidManifest.xml:34:9-36:77
41            android:name="ddwucom.mobile.finalproject.SearchReviewActivity"
41-->src\main\AndroidManifest.xml:35:13-76
42            android:label="@string/title_activity_search_review" />
42-->src\main\AndroidManifest.xml:36:13-65
43        <activity
43-->src\main\AndroidManifest.xml:37:9-39:76
44            android:name="ddwucom.mobile.finalproject.SearchMovieActivity"
44-->src\main\AndroidManifest.xml:38:13-75
45            android:label="@string/title_activity_search_movie" />
45-->src\main\AndroidManifest.xml:39:13-64
46    </application>
47
48</manifest>